───────┬───────────────────────────────────────────────────────────────────────
       │ File: [1msamples/python.py[0m
       │ Size: [1m694 B[0m
───────┼───────────────────────────────────────────────────────────────────────
   1   │ [35mfrom[0m typing [35mimport[0m List
   2   │ 
   3   │ [35mdef[0m [34mdecorator[0m([36mparam[0m):
   4   │     [35mpass[0m
   5   │ 
   6   │ @decorator([36mparam[0m[35m=[0m[33m1[0m)
   7   │ [35mdef[0m [34mf[0m([36mx[0m):
   8   │     [32m"""[0m
   9   │ [32m    Syntax Highlighting Demo[0m
  10   │ [32m    @param x Parameter[0m
  11   │ [32m    [0m[32m"""[0m
  12   │ 
  13   │     [35mdef[0m [34mnested_func[0m([36my[0m):
  14   │         [36mprint[0m(y [35m+[0m [33m1[0m)
  15   │ 
  16   │     s [35m=[0m ([32m"[0m[32mTest[0m[32m"[0m, [33m2[0m[35m+[0m[33m3[0m, {[32m'[0m[32ma[0m[32m'[0m: [32m'[0m[32mb[0m[32m'[0m}, [35mf[0m[32m'[0m{x[35m!s[0m[33m:[0m{[32m"[0m[32m^10[0m[32m"[0m}}[32m'[0m)   [32m#[0m[32m Comment[0m
  17   │     f(s[[33m0[0m].lower())
  18   │     nested_func([33m42[0m)
  19   │ 
  20   │ [35mclass[0m [33mFoo[0m:
  21   │     tags: List[str]
  22   │ 
  23   │     [35mdef[0m [36m__init__[0m([36mself[0m: Foo):
  24   │         byte_string: bytes [35m=[0m [35mb[0m[32m'[0m[32mnewline:[0m[36m\n[0m[32m also newline:[0m[36m\x0a[0m[32m'[0m
  25   │         text_string [35m=[0m [35mu[0m[32m"[0m[32mCyrillic Я is [0m[36m\u042f[0m[32m. Oops: [0m[32m\u[0m[32m042g[0m[32m"[0m
  26   │         [36mprint[0m([35mf[0m[32m"[0m[32mGot bytes: [0m{byte_string[35m!r[0m}[32m, text: [0m{text_string[35m!s[0m}[32m"[0m)
  27   │         self.make_sense([36mwhatever[0m[35m=[0m[33m1[0m)
  28   │ 
  29   │     [35mdef[0m [34mmake_sense[0m([36mself[0m, [36mwhatever[0m):
  30   │         self.sense [35m=[0m whatever
  31   │ 
  32   │ x [35m=[0m [36mlen[0m([32m'[0m[32mabc[0m[32m'[0m)
  33   │ [36mprint[0m(f.__doc__)
───────┴───────────────────────────────────────────────────────────────────────
